<?xml version="1.0" encoding="UTF-8"?>
<!-- Generated by org.testng.reporters.JUnitXMLReporter -->
<testsuite ignored="4" hostname="LAPTOP-OOSHD4UL" failures="0" tests="8" name="Test" time="89.368" errors="0" timestamp="2020-05-27T22:16:07 NZST">
  <testcase classname="solnetTests.LoginToTheApplicationTest" name="loginToTheApplication" time="0.495"/>
  <testcase classname="solnetTests.MarkTaskCompleteTest" name="markTaskCompleteTest" time="2.614"/>
  <testcase classname="solnetTests.AddRemoveTasksTest" name="addRemoveTasks" time="2.45"/>
  <testcase classname="solnetTests.ValidateLandingPageTest" name="validateLandingPage" time="0.648"/>
  <testcase classname="solnetTests.AddTasksDataDrivenTest" name="addRemoveTasks" time="1.156"/>
  <testcase classname="solnetTests.AddTasksDataDrivenTest" name="addRemoveTasks" time="1.056"/>
  <testcase classname="solnetTests.AddTasksDataDrivenTest" name="addRemoveTasks" time="1.098"/>
  <testcase classname="solnetTests.AddTasksDataDrivenTest" name="addRemoveTasks" time="0.847"/>
  <testcase classname="resources.Base" name="@BeforeTest beforeTest" time="0.0">
    <ignored/>
  </testcase> <!-- @BeforeTest beforeTest -->
  <testcase classname="resources.Base" name="@BeforeTest beforeTest" time="0.0">
    <ignored/>
  </testcase> <!-- @BeforeTest beforeTest -->
  <testcase classname="resources.Base" name="@BeforeTest beforeTest" time="0.0">
    <ignored/>
  </testcase> <!-- @BeforeTest beforeTest -->
  <testcase classname="resources.Base" name="@BeforeTest beforeTest" time="0.0">
    <ignored/>
  </testcase> <!-- @BeforeTest beforeTest -->
</testsuite> <!-- Test -->
