<?xml version="1.0" encoding="UTF-8"?>
<!-- Generated by org.testng.reporters.JUnitXMLReporter -->
<testsuite ignored="6" hostname="LAPTOP-OOSHD4UL" failures="0" tests="10" name="Test" time="117.587" errors="0" timestamp="2020-05-28T12:10:07 NZST">
  <testcase classname="solnetTests.LoginToTheApplicationTest" name="loginToTheApplicationTest" time="0.571"/>
  <testcase classname="solnetTests.AddRemoveTasksTest" name="addRemoveTasksTest" time="3.928"/>
  <testcase classname="solnetTests.ValidateLandingPageTest" name="validateLandingPageTest" time="0.895"/>
  <testcase classname="solnetTests.AddTasksDataDrivenTest" name="addRemoveTasksTest" time="1.689"/>
  <testcase classname="solnetTests.AddTasksDataDrivenTest" name="addRemoveTasksTest" time="1.092"/>
  <testcase classname="solnetTests.AddTasksDataDrivenTest" name="addRemoveTasksTest" time="1.544"/>
  <testcase classname="solnetTests.AddTasksDataDrivenTest" name="addRemoveTasksTest" time="0.924"/>
  <testcase classname="solnetTests.ValidateAllTasksTest" name="validateAllTasksTest" time="3.409"/>
  <testcase classname="solnetTests.ValidateImportantTasksTest" name="validateImportantTasksTest" time="3.91"/>
  <testcase classname="solnetTests.MarkTaskCompleteTest" name="markTaskCompleteTest" time="3.5"/>
  <testcase classname="resources.Base" name="@BeforeTest beforeTest" time="0.0">
    <ignored/>
  </testcase> <!-- @BeforeTest beforeTest -->
  <testcase classname="resources.Base" name="@BeforeTest beforeTest" time="0.0">
    <ignored/>
  </testcase> <!-- @BeforeTest beforeTest -->
  <testcase classname="resources.Base" name="@BeforeTest beforeTest" time="0.0">
    <ignored/>
  </testcase> <!-- @BeforeTest beforeTest -->
  <testcase classname="resources.Base" name="@BeforeTest beforeTest" time="0.0">
    <ignored/>
  </testcase> <!-- @BeforeTest beforeTest -->
  <testcase classname="resources.Base" name="@BeforeTest beforeTest" time="0.0">
    <ignored/>
  </testcase> <!-- @BeforeTest beforeTest -->
  <testcase classname="resources.Base" name="@BeforeTest beforeTest" time="0.0">
    <ignored/>
  </testcase> <!-- @BeforeTest beforeTest -->
</testsuite> <!-- Test -->
