<?xml version="1.0" encoding="UTF-8"?>
<!-- Generated by org.testng.reporters.JUnitXMLReporter -->
<testsuite ignored="4" hostname="LAPTOP-OOSHD4UL" failures="0" tests="8" name="Test" time="93.849" errors="0" timestamp="2020-05-28T07:15:38 NZST">
  <testcase classname="solnetTests.LoginToTheApplicationTest" name="loginToTheApplication" time="0.604"/>
  <testcase classname="solnetTests.AddRemoveTasksTest" name="addRemoveTasks" time="4.254"/>
  <testcase classname="solnetTests.ValidateLandingPageTest" name="validateLandingPage" time="0.674"/>
  <testcase classname="solnetTests.AddTasksDataDrivenTest" name="addRemoveTasks" time="1.684"/>
  <testcase classname="solnetTests.AddTasksDataDrivenTest" name="addRemoveTasks" time="1.102"/>
  <testcase classname="solnetTests.AddTasksDataDrivenTest" name="addRemoveTasks" time="1.627"/>
  <testcase classname="solnetTests.AddTasksDataDrivenTest" name="addRemoveTasks" time="0.838"/>
  <testcase classname="solnetTests.MarkTaskCompleteTest" name="markTaskCompleteTest" time="3.411"/>
  <testcase classname="resources.Base" name="@BeforeTest beforeTest" time="0.0">
    <ignored/>
  </testcase> <!-- @BeforeTest beforeTest -->
  <testcase classname="resources.Base" name="@BeforeTest beforeTest" time="0.0">
    <ignored/>
  </testcase> <!-- @BeforeTest beforeTest -->
  <testcase classname="resources.Base" name="@BeforeTest beforeTest" time="0.0">
    <ignored/>
  </testcase> <!-- @BeforeTest beforeTest -->
  <testcase classname="resources.Base" name="@BeforeTest beforeTest" time="0.0">
    <ignored/>
  </testcase> <!-- @BeforeTest beforeTest -->
</testsuite> <!-- Test -->
