<?xml version="1.0" encoding="UTF-8"?>
<testsuite xmlns:xsi="http://www.w3.org/2001/XMLSchema-instance" xsi:noNamespaceSchemaLocation="https://maven.apache.org/surefire/maven-surefire-plugin/xsd/surefire-test-report-3.0.xsd" version="3.0" name="TestSuite" time="94.453" tests="8" errors="0" skipped="0" failures="0">
  <properties>
[...]
</properties>
  <testcase name="loginToTheApplication" classname="solnetTests.LoginToTheApplicationTest" time="0.609"/>
  <testcase name="addRemoveTasks" classname="solnetTests.AddRemoveTasksTest" time="4.255"/>
  <testcase name="validateLandingPage" classname="solnetTests.ValidateLandingPageTest" time="0.674"/>
  <testcase name="addRemoveTasks" classname="solnetTests.AddTasksDataDrivenTest" time="1.683"/>
  <testcase name="addRemoveTasks" classname="solnetTests.AddTasksDataDrivenTest" time="1.102"/>
  <testcase name="addRemoveTasks" classname="solnetTests.AddTasksDataDrivenTest" time="1.626"/>
  <testcase name="addRemoveTasks" classname="solnetTests.AddTasksDataDrivenTest" time="0.839"/>
  <testcase name="markTaskCompleteTest" classname="solnetTests.MarkTaskCompleteTest" time="3.411"/>
</testsuite>