<?xml version="1.0" encoding="UTF-8"?>
<testng-results ignored="6" total="16" passed="10" failed="0" skipped="0">
  <reporter-output>
  </reporter-output>
  <suite started-at="2020-05-28T12:08:10 NZST" name="Solnet_AngularTests" finished-at="2020-05-28T12:10:07 NZST" duration-ms="117587">
    <groups>
      <group name="functional">
        <method signature="ValidateAllTasksTest.validateAllTasksTest()[pri:0, instance:solnetTests.ValidateAllTasksTest@25a65b77]" name="validateAllTasksTest" class="solnetTests.ValidateAllTasksTest"/>
        <method signature="ValidateImportantTasksTest.validateImportantTasksTest()[pri:0, instance:solnetTests.ValidateImportantTasksTest@2ed0fbae]" name="validateImportantTasksTest" class="solnetTests.ValidateImportantTasksTest"/>
      </group> <!-- functional -->
      <group name="regression">
        <method signature="AddRemoveTasksTest.addRemoveTasksTest()[pri:0, instance:solnetTests.AddRemoveTasksTest@2c34f934]" name="addRemoveTasksTest" class="solnetTests.AddRemoveTasksTest"/>
        <method signature="AddTasksDataDrivenTest.addRemoveTasksTest(java.lang.String, java.lang.String, java.lang.String, java.lang.String)[pri:0, instance:solnetTests.AddTasksDataDrivenTest@240237d2]" name="addRemoveTasksTest" class="solnetTests.AddTasksDataDrivenTest"/>
        <method signature="LoginToTheApplicationTest.loginToTheApplicationTest()[pri:0, instance:solnetTests.LoginToTheApplicationTest@2893de87]" name="loginToTheApplicationTest" class="solnetTests.LoginToTheApplicationTest"/>
        <method signature="MarkTaskCompleteTest.markTaskCompleteTest()[pri:0, instance:solnetTests.MarkTaskCompleteTest@212bf671]" name="markTaskCompleteTest" class="solnetTests.MarkTaskCompleteTest"/>
        <method signature="ValidateAllTasksTest.validateAllTasksTest()[pri:0, instance:solnetTests.ValidateAllTasksTest@25a65b77]" name="validateAllTasksTest" class="solnetTests.ValidateAllTasksTest"/>
        <method signature="ValidateImportantTasksTest.validateImportantTasksTest()[pri:0, instance:solnetTests.ValidateImportantTasksTest@2ed0fbae]" name="validateImportantTasksTest" class="solnetTests.ValidateImportantTasksTest"/>
        <method signature="ValidateLandingPageTest.validateLandingPageTest()[pri:0, instance:solnetTests.ValidateLandingPageTest@12d3a4e9]" name="validateLandingPageTest" class="solnetTests.ValidateLandingPageTest"/>
      </group> <!-- regression -->
      <group name="addRemoveTask">
        <method signature="AddRemoveTasksTest.addRemoveTasksTest()[pri:0, instance:solnetTests.AddRemoveTasksTest@2c34f934]" name="addRemoveTasksTest" class="solnetTests.AddRemoveTasksTest"/>
      </group> <!-- addRemoveTask -->
      <group name="smoke">
        <method signature="AddRemoveTasksTest.addRemoveTasksTest()[pri:0, instance:solnetTests.AddRemoveTasksTest@2c34f934]" name="addRemoveTasksTest" class="solnetTests.AddRemoveTasksTest"/>
        <method signature="LoginToTheApplicationTest.loginToTheApplicationTest()[pri:0, instance:solnetTests.LoginToTheApplicationTest@2893de87]" name="loginToTheApplicationTest" class="solnetTests.LoginToTheApplicationTest"/>
        <method signature="MarkTaskCompleteTest.markTaskCompleteTest()[pri:0, instance:solnetTests.MarkTaskCompleteTest@212bf671]" name="markTaskCompleteTest" class="solnetTests.MarkTaskCompleteTest"/>
        <method signature="ValidateLandingPageTest.validateLandingPageTest()[pri:0, instance:solnetTests.ValidateLandingPageTest@12d3a4e9]" name="validateLandingPageTest" class="solnetTests.ValidateLandingPageTest"/>
      </group> <!-- smoke -->
      <group name="dataDriven">
        <method signature="AddTasksDataDrivenTest.addRemoveTasksTest(java.lang.String, java.lang.String, java.lang.String, java.lang.String)[pri:0, instance:solnetTests.AddTasksDataDrivenTest@240237d2]" name="addRemoveTasksTest" class="solnetTests.AddTasksDataDrivenTest"/>
      </group> <!-- dataDriven -->
    </groups>
    <test started-at="2020-05-28T12:08:10 NZST" name="Test" finished-at="2020-05-28T12:10:07 NZST" duration-ms="117587">
      <class name="solnetTests.AddRemoveTasksTest">
        <test-method is-config="true" signature="beforeMethod()[pri:0, instance:solnetTests.AddRemoveTasksTest@2c34f934]" started-at="2020-05-28T12:08:20 NZST" name="beforeMethod" finished-at="2020-05-28T12:08:28 NZST" duration-ms="8099" status="PASS">
          <reporter-output>
          </reporter-output>
        </test-method> <!-- beforeMethod -->
        <test-method signature="addRemoveTasksTest()[pri:0, instance:solnetTests.AddRemoveTasksTest@2c34f934]" started-at="2020-05-28T12:08:28 NZST" name="addRemoveTasksTest" finished-at="2020-05-28T12:08:32 NZST" duration-ms="3928" status="PASS">
          <reporter-output>
          </reporter-output>
        </test-method> <!-- addRemoveTasksTest -->
        <test-method is-config="true" signature="afterTest()[pri:0, instance:solnetTests.AddRemoveTasksTest@2c34f934]" started-at="2020-05-28T12:08:32 NZST" name="afterTest" finished-at="2020-05-28T12:08:33 NZST" duration-ms="789" status="PASS">
          <reporter-output>
          </reporter-output>
        </test-method> <!-- afterTest -->
      </class> <!-- solnetTests.AddRemoveTasksTest -->
      <class name="solnetTests.AddTasksDataDrivenTest">
        <test-method is-config="true" signature="beforeMethod()[pri:0, instance:solnetTests.AddTasksDataDrivenTest@240237d2]" started-at="2020-05-28T12:08:42 NZST" name="beforeMethod" finished-at="2020-05-28T12:08:50 NZST" duration-ms="8011" status="PASS">
          <reporter-output>
          </reporter-output>
        </test-method> <!-- beforeMethod -->
        <test-method signature="addRemoveTasksTest(java.lang.String, java.lang.String, java.lang.String, java.lang.String)[pri:0, instance:solnetTests.AddTasksDataDrivenTest@240237d2]" started-at="2020-05-28T12:08:50 NZST" name="addRemoveTasksTest" data-provider="createTasktestData" finished-at="2020-05-28T12:08:52 NZST" duration-ms="1689" status="PASS">
          <params>
            <param index="0">
              <value>
                <![CDATA[task1]]>
              </value>
            </param>
            <param index="1">
              <value>
                <![CDATA[first task]]>
              </value>
            </param>
            <param index="2">
              <value>
                <![CDATA[JUN-15]]>
              </value>
            </param>
            <param index="3">
              <value>
                <![CDATA[Yes]]>
              </value>
            </param>
          </params>
          <reporter-output>
          </reporter-output>
        </test-method> <!-- addRemoveTasksTest -->
        <test-method is-config="true" signature="afterTest()[pri:0, instance:solnetTests.AddTasksDataDrivenTest@240237d2]" started-at="2020-05-28T12:08:52 NZST" name="afterTest" finished-at="2020-05-28T12:08:53 NZST" duration-ms="897" status="PASS">
          <reporter-output>
          </reporter-output>
        </test-method> <!-- afterTest -->
        <test-method is-config="true" signature="beforeMethod()[pri:0, instance:solnetTests.AddTasksDataDrivenTest@240237d2]" started-at="2020-05-28T12:08:53 NZST" name="beforeMethod" finished-at="2020-05-28T12:09:00 NZST" duration-ms="7598" status="PASS">
          <reporter-output>
          </reporter-output>
        </test-method> <!-- beforeMethod -->
        <test-method signature="addRemoveTasksTest(java.lang.String, java.lang.String, java.lang.String, java.lang.String)[pri:0, instance:solnetTests.AddTasksDataDrivenTest@240237d2]" started-at="2020-05-28T12:09:00 NZST" name="addRemoveTasksTest" data-provider="createTasktestData" finished-at="2020-05-28T12:09:01 NZST" duration-ms="1092" status="PASS">
          <params>
            <param index="0">
              <value>
                <![CDATA[task2]]>
              </value>
            </param>
            <param index="1">
              <value>
                <![CDATA[second task]]>
              </value>
            </param>
            <param index="2">
              <value>
                <![CDATA[Today]]>
              </value>
            </param>
            <param index="3">
              <value>
                <![CDATA[Yes]]>
              </value>
            </param>
          </params>
          <reporter-output>
          </reporter-output>
        </test-method> <!-- addRemoveTasksTest -->
        <test-method is-config="true" signature="afterTest()[pri:0, instance:solnetTests.AddTasksDataDrivenTest@240237d2]" started-at="2020-05-28T12:09:01 NZST" name="afterTest" finished-at="2020-05-28T12:09:03 NZST" duration-ms="2105" status="PASS">
          <reporter-output>
          </reporter-output>
        </test-method> <!-- afterTest -->
        <test-method is-config="true" signature="beforeMethod()[pri:0, instance:solnetTests.AddTasksDataDrivenTest@240237d2]" started-at="2020-05-28T12:09:03 NZST" name="beforeMethod" finished-at="2020-05-28T12:09:11 NZST" duration-ms="7945" status="PASS">
          <reporter-output>
          </reporter-output>
        </test-method> <!-- beforeMethod -->
        <test-method signature="addRemoveTasksTest(java.lang.String, java.lang.String, java.lang.String, java.lang.String)[pri:0, instance:solnetTests.AddTasksDataDrivenTest@240237d2]" started-at="2020-05-28T12:09:11 NZST" name="addRemoveTasksTest" data-provider="createTasktestData" finished-at="2020-05-28T12:09:13 NZST" duration-ms="1544" status="PASS">
          <params>
            <param index="0">
              <value>
                <![CDATA[task3]]>
              </value>
            </param>
            <param index="1">
              <value>
                <![CDATA[third task]]>
              </value>
            </param>
            <param index="2">
              <value>
                <![CDATA[JUN-25]]>
              </value>
            </param>
            <param index="3">
              <value>
                <![CDATA[No]]>
              </value>
            </param>
          </params>
          <reporter-output>
          </reporter-output>
        </test-method> <!-- addRemoveTasksTest -->
        <test-method is-config="true" signature="afterTest()[pri:0, instance:solnetTests.AddTasksDataDrivenTest@240237d2]" started-at="2020-05-28T12:09:13 NZST" name="afterTest" finished-at="2020-05-28T12:09:14 NZST" duration-ms="1451" status="PASS">
          <reporter-output>
          </reporter-output>
        </test-method> <!-- afterTest -->
        <test-method is-config="true" signature="beforeMethod()[pri:0, instance:solnetTests.AddTasksDataDrivenTest@240237d2]" started-at="2020-05-28T12:09:14 NZST" name="beforeMethod" finished-at="2020-05-28T12:09:23 NZST" duration-ms="8116" status="PASS">
          <reporter-output>
          </reporter-output>
        </test-method> <!-- beforeMethod -->
        <test-method signature="addRemoveTasksTest(java.lang.String, java.lang.String, java.lang.String, java.lang.String)[pri:0, instance:solnetTests.AddTasksDataDrivenTest@240237d2]" started-at="2020-05-28T12:09:23 NZST" name="addRemoveTasksTest" data-provider="createTasktestData" finished-at="2020-05-28T12:09:23 NZST" duration-ms="924" status="PASS">
          <params>
            <param index="0">
              <value>
                <![CDATA[task4]]>
              </value>
            </param>
            <param index="1">
              <value>
                <![CDATA[last task]]>
              </value>
            </param>
            <param index="2">
              <value>
                <![CDATA[Today]]>
              </value>
            </param>
            <param index="3">
              <value>
                <![CDATA[No]]>
              </value>
            </param>
          </params>
          <reporter-output>
          </reporter-output>
        </test-method> <!-- addRemoveTasksTest -->
        <test-method is-config="true" signature="afterTest()[pri:0, instance:solnetTests.AddTasksDataDrivenTest@240237d2]" started-at="2020-05-28T12:09:23 NZST" name="afterTest" finished-at="2020-05-28T12:09:24 NZST" duration-ms="689" status="PASS">
          <reporter-output>
          </reporter-output>
        </test-method> <!-- afterTest -->
      </class> <!-- solnetTests.AddTasksDataDrivenTest -->
      <class name="solnetTests.LoginToTheApplicationTest">
        <test-method is-config="true" signature="beforeTest()[pri:0, instance:solnetTests.LoginToTheApplicationTest@2893de87]" started-at="2020-05-28T12:08:10 NZST" name="beforeTest" finished-at="2020-05-28T12:08:10 NZST" duration-ms="10" status="PASS">
          <reporter-output>
          </reporter-output>
        </test-method> <!-- beforeTest -->
        <test-method is-config="true" signature="beforeMethod()[pri:0, instance:solnetTests.LoginToTheApplicationTest@2893de87]" started-at="2020-05-28T12:08:10 NZST" name="beforeMethod" finished-at="2020-05-28T12:08:18 NZST" duration-ms="8498" status="PASS">
          <reporter-output>
          </reporter-output>
        </test-method> <!-- beforeMethod -->
        <test-method signature="loginToTheApplicationTest()[pri:0, instance:solnetTests.LoginToTheApplicationTest@2893de87]" started-at="2020-05-28T12:08:18 NZST" name="loginToTheApplicationTest" finished-at="2020-05-28T12:08:19 NZST" duration-ms="571" status="PASS">
          <reporter-output>
          </reporter-output>
        </test-method> <!-- loginToTheApplicationTest -->
        <test-method is-config="true" signature="afterTest()[pri:0, instance:solnetTests.LoginToTheApplicationTest@2893de87]" started-at="2020-05-28T12:08:19 NZST" name="afterTest" finished-at="2020-05-28T12:08:20 NZST" duration-ms="992" status="PASS">
          <reporter-output>
          </reporter-output>
        </test-method> <!-- afterTest -->
      </class> <!-- solnetTests.LoginToTheApplicationTest -->
      <class name="solnetTests.ValidateImportantTasksTest">
        <test-method is-config="true" signature="beforeMethod()[pri:0, instance:solnetTests.ValidateImportantTasksTest@2ed0fbae]" started-at="2020-05-28T12:09:36 NZST" name="beforeMethod" finished-at="2020-05-28T12:09:44 NZST" duration-ms="7895" status="PASS">
          <reporter-output>
          </reporter-output>
        </test-method> <!-- beforeMethod -->
        <test-method signature="validateImportantTasksTest()[pri:0, instance:solnetTests.ValidateImportantTasksTest@2ed0fbae]" started-at="2020-05-28T12:09:44 NZST" name="validateImportantTasksTest" finished-at="2020-05-28T12:09:48 NZST" duration-ms="3910" status="PASS">
          <reporter-output>
          </reporter-output>
        </test-method> <!-- validateImportantTasksTest -->
        <test-method is-config="true" signature="afterTest()[pri:0, instance:solnetTests.ValidateImportantTasksTest@2ed0fbae]" started-at="2020-05-28T12:09:48 NZST" name="afterTest" finished-at="2020-05-28T12:09:49 NZST" duration-ms="778" status="PASS">
          <reporter-output>
          </reporter-output>
        </test-method> <!-- afterTest -->
      </class> <!-- solnetTests.ValidateImportantTasksTest -->
      <class name="solnetTests.ValidateLandingPageTest">
        <test-method is-config="true" signature="beforeMethod()[pri:0, instance:solnetTests.ValidateLandingPageTest@12d3a4e9]" started-at="2020-05-28T12:08:33 NZST" name="beforeMethod" finished-at="2020-05-28T12:08:40 NZST" duration-ms="7729" status="PASS">
          <reporter-output>
          </reporter-output>
        </test-method> <!-- beforeMethod -->
        <test-method signature="validateLandingPageTest()[pri:0, instance:solnetTests.ValidateLandingPageTest@12d3a4e9]" started-at="2020-05-28T12:08:40 NZST" name="validateLandingPageTest" finished-at="2020-05-28T12:08:41 NZST" duration-ms="895" status="PASS">
          <reporter-output>
          </reporter-output>
        </test-method> <!-- validateLandingPageTest -->
        <test-method is-config="true" signature="afterTest()[pri:0, instance:solnetTests.ValidateLandingPageTest@12d3a4e9]" started-at="2020-05-28T12:08:41 NZST" name="afterTest" finished-at="2020-05-28T12:08:42 NZST" duration-ms="804" status="PASS">
          <reporter-output>
          </reporter-output>
        </test-method> <!-- afterTest -->
      </class> <!-- solnetTests.ValidateLandingPageTest -->
      <class name="solnetTests.ValidateAllTasksTest">
        <test-method is-config="true" signature="beforeMethod()[pri:0, instance:solnetTests.ValidateAllTasksTest@25a65b77]" started-at="2020-05-28T12:09:24 NZST" name="beforeMethod" finished-at="2020-05-28T12:09:32 NZST" duration-ms="7605" status="PASS">
          <reporter-output>
          </reporter-output>
        </test-method> <!-- beforeMethod -->
        <test-method signature="validateAllTasksTest()[pri:0, instance:solnetTests.ValidateAllTasksTest@25a65b77]" started-at="2020-05-28T12:09:32 NZST" name="validateAllTasksTest" finished-at="2020-05-28T12:09:35 NZST" duration-ms="3409" status="PASS">
          <reporter-output>
          </reporter-output>
        </test-method> <!-- validateAllTasksTest -->
        <test-method is-config="true" signature="afterTest()[pri:0, instance:solnetTests.ValidateAllTasksTest@25a65b77]" started-at="2020-05-28T12:09:35 NZST" name="afterTest" finished-at="2020-05-28T12:09:36 NZST" duration-ms="1002" status="PASS">
          <reporter-output>
          </reporter-output>
        </test-method> <!-- afterTest -->
      </class> <!-- solnetTests.ValidateAllTasksTest -->
      <class name="solnetTests.MarkTaskCompleteTest">
        <test-method is-config="true" signature="beforeMethod()[pri:0, instance:solnetTests.MarkTaskCompleteTest@212bf671]" started-at="2020-05-28T12:09:49 NZST" name="beforeMethod" finished-at="2020-05-28T12:09:59 NZST" duration-ms="10374" status="PASS">
          <reporter-output>
          </reporter-output>
        </test-method> <!-- beforeMethod -->
        <test-method signature="markTaskCompleteTest()[pri:0, instance:solnetTests.MarkTaskCompleteTest@212bf671]" started-at="2020-05-28T12:09:59 NZST" name="markTaskCompleteTest" finished-at="2020-05-28T12:10:03 NZST" duration-ms="3500" status="PASS">
          <reporter-output>
          </reporter-output>
        </test-method> <!-- markTaskCompleteTest -->
        <test-method is-config="true" signature="afterTest()[pri:0, instance:solnetTests.MarkTaskCompleteTest@212bf671]" started-at="2020-05-28T12:10:03 NZST" name="afterTest" finished-at="2020-05-28T12:10:07 NZST" duration-ms="4652" status="PASS">
          <reporter-output>
          </reporter-output>
        </test-method> <!-- afterTest -->
      </class> <!-- solnetTests.MarkTaskCompleteTest -->
    </test> <!-- Test -->
  </suite> <!-- Solnet_AngularTests -->
</testng-results>
