<?xml version="1.0" encoding="UTF-8"?>
<testng-results ignored="0" total="1" passed="1" failed="0" skipped="0">
  <reporter-output>
  </reporter-output>
  <suite started-at="2020-05-28T07:08:59 NZST" name="Default suite" finished-at="2020-05-28T07:09:31 NZST" duration-ms="31691">
    <groups>
      <group name="regression">
        <method signature="AddRemoveTasksTest.addRemoveTasks()[pri:0, instance:solnetTests.AddRemoveTasksTest@b9b00e0]" name="addRemoveTasks" class="solnetTests.AddRemoveTasksTest"/>
      </group> <!-- regression -->
      <group name="addRemoveTask">
        <method signature="AddRemoveTasksTest.addRemoveTasks()[pri:0, instance:solnetTests.AddRemoveTasksTest@b9b00e0]" name="addRemoveTasks" class="solnetTests.AddRemoveTasksTest"/>
      </group> <!-- addRemoveTask -->
      <group name="smoke">
        <method signature="AddRemoveTasksTest.addRemoveTasks()[pri:0, instance:solnetTests.AddRemoveTasksTest@b9b00e0]" name="addRemoveTasks" class="solnetTests.AddRemoveTasksTest"/>
      </group> <!-- smoke -->
    </groups>
    <test started-at="2020-05-28T07:08:59 NZST" name="Default test" finished-at="2020-05-28T07:09:31 NZST" duration-ms="31691">
      <class name="solnetTests.AddRemoveTasksTest">
        <test-method is-config="true" signature="beforeTest()[pri:0, instance:solnetTests.AddRemoveTasksTest@b9b00e0]" started-at="2020-05-28T07:08:59 NZST" name="beforeTest" finished-at="2020-05-28T07:08:59 NZST" duration-ms="16" status="PASS">
          <reporter-output>
          </reporter-output>
        </test-method> <!-- beforeTest -->
        <test-method is-config="true" signature="beforeMethod()[pri:0, instance:solnetTests.AddRemoveTasksTest@b9b00e0]" started-at="2020-05-28T07:09:00 NZST" name="beforeMethod" finished-at="2020-05-28T07:09:08 NZST" duration-ms="8774" status="PASS">
          <reporter-output>
          </reporter-output>
        </test-method> <!-- beforeMethod -->
        <test-method signature="addRemoveTasks()[pri:0, instance:solnetTests.AddRemoveTasksTest@b9b00e0]" started-at="2020-05-28T07:09:08 NZST" name="addRemoveTasks" finished-at="2020-05-28T07:09:26 NZST" duration-ms="18161" status="PASS">
          <reporter-output>
          </reporter-output>
        </test-method> <!-- addRemoveTasks -->
        <test-method is-config="true" signature="afterTest()[pri:0, instance:solnetTests.AddRemoveTasksTest@b9b00e0]" started-at="2020-05-28T07:09:26 NZST" name="afterTest" finished-at="2020-05-28T07:09:31 NZST" duration-ms="4674" status="PASS">
          <reporter-output>
          </reporter-output>
        </test-method> <!-- afterTest -->
      </class> <!-- solnetTests.AddRemoveTasksTest -->
    </test> <!-- Default test -->
  </suite> <!-- Default suite -->
</testng-results>
