<?xml version="1.0" encoding="UTF-8"?>
<testng-results ignored="0" total="1" passed="1" failed="0" skipped="0">
  <reporter-output>
  </reporter-output>
  <suite started-at="2020-05-28T12:05:21 NZST" name="Default suite" finished-at="2020-05-28T12:05:34 NZST" duration-ms="13217">
    <groups>
      <group name="functional">
        <method signature="ValidateImportantTasksTest.validateImportantTasksTest()[pri:0, instance:solnetTests.ValidateImportantTasksTest@47542153]" name="validateImportantTasksTest" class="solnetTests.ValidateImportantTasksTest"/>
      </group> <!-- functional -->
      <group name="regression">
        <method signature="ValidateImportantTasksTest.validateImportantTasksTest()[pri:0, instance:solnetTests.ValidateImportantTasksTest@47542153]" name="validateImportantTasksTest" class="solnetTests.ValidateImportantTasksTest"/>
      </group> <!-- regression -->
    </groups>
    <test started-at="2020-05-28T12:05:21 NZST" name="Default test" finished-at="2020-05-28T12:05:34 NZST" duration-ms="13217">
      <class name="solnetTests.ValidateImportantTasksTest">
        <test-method is-config="true" signature="beforeTest()[pri:0, instance:solnetTests.ValidateImportantTasksTest@47542153]" started-at="2020-05-28T12:05:21 NZST" name="beforeTest" finished-at="2020-05-28T12:05:21 NZST" duration-ms="10" status="PASS">
          <reporter-output>
          </reporter-output>
        </test-method> <!-- beforeTest -->
        <test-method is-config="true" signature="beforeMethod()[pri:0, instance:solnetTests.ValidateImportantTasksTest@47542153]" started-at="2020-05-28T12:05:21 NZST" name="beforeMethod" finished-at="2020-05-28T12:05:30 NZST" duration-ms="8648" status="PASS">
          <reporter-output>
          </reporter-output>
        </test-method> <!-- beforeMethod -->
        <test-method signature="validateImportantTasksTest()[pri:0, instance:solnetTests.ValidateImportantTasksTest@47542153]" started-at="2020-05-28T12:05:30 NZST" name="validateImportantTasksTest" finished-at="2020-05-28T12:05:33 NZST" duration-ms="3524" status="PASS">
          <reporter-output>
          </reporter-output>
        </test-method> <!-- validateImportantTasksTest -->
        <test-method is-config="true" signature="afterTest()[pri:0, instance:solnetTests.ValidateImportantTasksTest@47542153]" started-at="2020-05-28T12:05:33 NZST" name="afterTest" finished-at="2020-05-28T12:05:34 NZST" duration-ms="990" status="PASS">
          <reporter-output>
          </reporter-output>
        </test-method> <!-- afterTest -->
      </class> <!-- solnetTests.ValidateImportantTasksTest -->
    </test> <!-- Default test -->
  </suite> <!-- Default suite -->
</testng-results>
